2025-08-19T23:46:04.0149825Z Container start method called.
2025-08-19T23:46:04.0231101Z Establishing network.
2025-08-19T23:46:04.0233353Z Pulling image: appsvc/dotnetcore:8.0_20250709.6.tuxprod.
2025-08-19T23:46:49.0127150Z Image appsvc/dotnetcore:8.0_20250709.6.tuxprod is pulled from registry 10.1.0.4:13209
2025-08-19T23:46:49.0185907Z Container is starting.
2025-08-19T23:46:49.0187575Z Establishing user namespace if not established already.
2025-08-19T23:46:49.0190318Z Establishing network if not established already.
2025-08-19T23:46:49.0199624Z Mounting volumes.
2025-08-19T23:46:49.0253152Z Nested mountpoint 
2025-08-19T23:46:49.0486345Z Nested mountpoint volatile/logs
2025-08-19T23:46:49.0634518Z Nested mountpoint 
2025-08-19T23:46:49.1048481Z Nested mountpoint 
2025-08-19T23:46:49.1109019Z Nested mountpoint 
2025-08-19T23:46:49.9843120Z Creating container.
2025-08-19T23:46:49.9844873Z Creating pipes for streaming container io.
2025-08-19T23:46:49.9846091Z Creating stdout named pipe at /podr/container/pipe/0592389cb91c_app-academic-staging-dvjm4oxxoy2g6/stdout_f732d71af9994af8a56dccff4ffc6f5e.
2025-08-19T23:46:49.9858249Z Successfully created stdout named pipe at: /podr/container/pipe/0592389cb91c_app-academic-staging-dvjm4oxxoy2g6/stdout_f732d71af9994af8a56dccff4ffc6f5e.
2025-08-19T23:46:49.9862247Z Opening named pipe /podr/container/pipe/0592389cb91c_app-academic-staging-dvjm4oxxoy2g6/stdout_f732d71af9994af8a56dccff4ffc6f5e for reading in non-blocking mode.
2025-08-19T23:46:49.9884778Z Successfully opened named pipe: /podr/container/pipe/0592389cb91c_app-academic-staging-dvjm4oxxoy2g6/stdout_f732d71af9994af8a56dccff4ffc6f5e.
2025-08-19T23:46:49.9886189Z Successfully removed non-blocking flag from /podr/container/pipe/0592389cb91c_app-academic-staging-dvjm4oxxoy2g6/stdout_f732d71af9994af8a56dccff4ffc6f5e.
2025-08-19T23:46:49.9887538Z Creating stderr named pipe at /podr/container/pipe/0592389cb91c_app-academic-staging-dvjm4oxxoy2g6/stderr_d931a9bb70b44625b2a4cf7c8f1a542b.
2025-08-19T23:46:49.9890882Z Successfully created stderr named pipe at: /podr/container/pipe/0592389cb91c_app-academic-staging-dvjm4oxxoy2g6/stderr_d931a9bb70b44625b2a4cf7c8f1a542b.
2025-08-19T23:46:49.9892051Z Opening named pipe /podr/container/pipe/0592389cb91c_app-academic-staging-dvjm4oxxoy2g6/stderr_d931a9bb70b44625b2a4cf7c8f1a542b for reading in non-blocking mode.
2025-08-19T23:46:49.9893450Z Successfully opened named pipe: /podr/container/pipe/0592389cb91c_app-academic-staging-dvjm4oxxoy2g6/stderr_d931a9bb70b44625b2a4cf7c8f1a542b.
2025-08-19T23:46:49.9894630Z Successfully removed non-blocking flag from /podr/container/pipe/0592389cb91c_app-academic-staging-dvjm4oxxoy2g6/stderr_d931a9bb70b44625b2a4cf7c8f1a542b.
2025-08-19T23:46:49.9895815Z Creating container with image: appsvc/dotnetcore:8.0_20250709.6.tuxprod from registry: 10.1.0.4:13209 and fully qualified image name: 10.1.0.4:13209/appsvc/dotnetcore:8.0_20250709.6.tuxprod
2025-08-19T23:46:50.5666840Z Starting container: 0592389cb91c_app-academic-staging-dvjm4oxxoy2g6.
2025-08-19T23:46:50.6715935Z Starting watchers and probes.
2025-08-19T23:46:50.7011948Z Starting metrics collection.
2025-08-19T23:46:50.7014280Z Container is running.
2025-08-19T23:46:51.8092787Z Container start method finished after 47786 ms.
2025-08-19T23:47:06.3363652Z Site startup probe succeeded after 14.4492255 seconds.
2025-08-19T23:47:24.5089447Z Site started.
2025-08-19T23:47:25.2371940Z Site is running with patch version: 8.0.18
2025-08-19T23:47:51.8519685Z Container start method called.
2025-08-19T23:47:51.8627371Z Establishing network.
2025-08-19T23:47:51.8637242Z Pulling image: appsvc/dotnetcore:8.0_20250709.6.tuxprod.
2025-08-19T23:47:52.9392078Z Container is starting.
2025-08-19T23:47:52.9398597Z Establishing user namespace if not established already.
2025-08-19T23:47:52.9400727Z Establishing network if not established already.
2025-08-19T23:47:52.9407602Z Mounting volumes.
2025-08-19T23:47:52.9485018Z Nested mountpoint 
2025-08-19T23:47:52.9530374Z Nested mountpoint volatile/logs
2025-08-19T23:47:52.9750623Z Nested mountpoint 
2025-08-19T23:47:52.9853917Z Nested mountpoint 
2025-08-19T23:47:52.9918377Z Nested mountpoint 
2025-08-19T23:47:53.9723511Z Creating container.
2025-08-19T23:47:53.9725113Z Creating pipes for streaming container io.
2025-08-19T23:47:53.9726205Z Creating stdout named pipe at /podr/container/pipe/c68b95f297f4_app-academic-staging-dvjm4oxxoy2g6/stdout_77d6c7ca334d4913a1e0bc9e283ad119.
2025-08-19T23:47:53.9728843Z Successfully created stdout named pipe at: /podr/container/pipe/c68b95f297f4_app-academic-staging-dvjm4oxxoy2g6/stdout_77d6c7ca334d4913a1e0bc9e283ad119.
2025-08-19T23:47:53.9730033Z Opening named pipe /podr/container/pipe/c68b95f297f4_app-academic-staging-dvjm4oxxoy2g6/stdout_77d6c7ca334d4913a1e0bc9e283ad119 for reading in non-blocking mode.
2025-08-19T23:47:53.9731422Z Successfully opened named pipe: /podr/container/pipe/c68b95f297f4_app-academic-staging-dvjm4oxxoy2g6/stdout_77d6c7ca334d4913a1e0bc9e283ad119.
2025-08-19T23:47:53.9732388Z Successfully removed non-blocking flag from /podr/container/pipe/c68b95f297f4_app-academic-staging-dvjm4oxxoy2g6/stdout_77d6c7ca334d4913a1e0bc9e283ad119.
2025-08-19T23:47:53.9733462Z Creating stderr named pipe at /podr/container/pipe/c68b95f297f4_app-academic-staging-dvjm4oxxoy2g6/stderr_3b2bbd22477e4879bb25da216b4dd25b.
2025-08-19T23:47:53.9735095Z Successfully created stderr named pipe at: /podr/container/pipe/c68b95f297f4_app-academic-staging-dvjm4oxxoy2g6/stderr_3b2bbd22477e4879bb25da216b4dd25b.
2025-08-19T23:47:53.9736100Z Opening named pipe /podr/container/pipe/c68b95f297f4_app-academic-staging-dvjm4oxxoy2g6/stderr_3b2bbd22477e4879bb25da216b4dd25b for reading in non-blocking mode.
2025-08-19T23:47:53.9737266Z Successfully opened named pipe: /podr/container/pipe/c68b95f297f4_app-academic-staging-dvjm4oxxoy2g6/stderr_3b2bbd22477e4879bb25da216b4dd25b.
2025-08-19T23:47:53.9738317Z Successfully removed non-blocking flag from /podr/container/pipe/c68b95f297f4_app-academic-staging-dvjm4oxxoy2g6/stderr_3b2bbd22477e4879bb25da216b4dd25b.
2025-08-19T23:47:53.9851026Z Creating container with image: appsvc/dotnetcore:8.0_20250709.6.tuxprod from registry: 10.1.0.4:13209 and fully qualified image name: 10.1.0.4:13209/appsvc/dotnetcore:8.0_20250709.6.tuxprod
2025-08-19T23:47:54.5595736Z Starting container: c68b95f297f4_app-academic-staging-dvjm4oxxoy2g6.
2025-08-19T23:47:54.6812482Z Starting watchers and probes.
2025-08-19T23:47:54.7098107Z Starting metrics collection.
2025-08-19T23:47:54.7116567Z Container is running.
2025-08-19T23:47:55.0579196Z Container start method finished after 3205 ms.
2025-08-19T23:48:10.2515268Z Site startup probe succeeded after 15.1585647 seconds.
2025-08-19T23:48:19.6105902Z Site started.
2025-08-19T23:48:19.6219135Z Site is running with patch version: 8.0.18
2025-08-19T23:48:39.7031317Z Container is terminating. Grace period: 5 seconds.
2025-08-19T23:48:39.7702095Z Stop and delete container. Retry count = 0
2025-08-19T23:48:39.7761283Z Stopping container: 0592389cb91c_app-academic-staging-dvjm4oxxoy2g6.
2025-08-19T23:48:44.8808813Z Deleting container: 0592389cb91c_app-academic-staging-dvjm4oxxoy2g6. Retry count = 0
2025-08-19T23:48:45.6009106Z Container spec TerminationMessagePolicy  path 
2025-08-19T23:48:45.6161510Z Container is terminated. Total time elapsed: 5911 ms.
2025-08-19T23:48:45.6230194Z Site: app-academic-staging-dvjm4oxxoy2g6 stopped.
