2025-08-20T03:44:06.4876605Z,Updating submodules.,90bbedac-2274-49c4-a34c-600fca17acb8,0
2025-08-20T03:44:07.6289805Z,Preparing deployment for commit id '8de5139a-b'.,e08ffaa9-a8e5-4c9e-af19-cd0f3bd0d403,0
2025-08-20T03:44:08.1332420Z,PreDeployment: context.CleanOutputPath False,3a80ab4a-e4f5-4c1d-af43-a85d38cab140,0
2025-08-20T03:44:08.2858393Z,PreDeployment: context.OutputPath /home/site/wwwroot,34665fec-bf4a-45c5-a861-6babd1997848,0
2025-08-20T03:44:08.4635460Z,Running build. Project type: OneDeploy,ffb7bc57-907e-4ffe-b921-f3897a83f769,0
2025-08-20T03:44:08.6244479Z,Copying the manifest,dbfca8d9-989d-4e06-bad5-7c5140a83b9b,0
2025-08-20T03:44:08.8613994Z,Running deployment command...,27e78127-f88b-44c4-ab83-19823b8e3f25,0
	2025-08-20T03:44:08.8887480Z,Command: /opt/Kudu/Scripts/parallel_rsync.sh /tmp/zipdeploy/extracted /home/site/wwwroot 8 /tmp/ False False  ,,0
	2025-08-20T03:44:09.0287998Z,Run rsync from: /tmp/zipdeploy/extracted/ to: /home/site/wwwroot/ in 8 parallel threads,,0
	2025-08-20T03:44:09.0804854Z,Delete options: clean=False&comma; use manifest=False&comma; directory to ignore=,,0
	2025-08-20T03:44:09.1476275Z,Prev manifest = /home/site/deployments/7a3e78b7-c150-4275-a747-70f3bb94f478/manifest and next /home/site/deployments/8de5139a-bc97-46f9-bf47-2a4e93bfe706/manifest,,0
	2025-08-20T03:44:09.1746851Z,Cleaning up /tmp//filelist.txt and /tmp//splits,,0
	2025-08-20T03:44:09.2492233Z,Creating a list of all files at /tmp//filelist.txt,,0
	2025-08-20T03:44:09.2912808Z,No directory to exclude.,,0
	2025-08-20T03:44:09.4065440Z,Created /tmp//filelist.txt. Total number of files to be synced = 153.,,0
	2025-08-20T03:44:09.5041769Z,Created batches from the list of files. Processing 20 files in each thread,,0
	2025-08-20T03:44:09.5687129Z,Running rsync for filelist /tmp//splits/split.aa from /tmp/zipdeploy/extracted/ to /home/site/wwwroot/,,0
	2025-08-20T03:44:09.7151387Z,Running rsync for filelist /tmp//splits/split.ab from /tmp/zipdeploy/extracted/ to /home/site/wwwroot/,,0
	2025-08-20T03:44:09.8532436Z,Running rsync for filelist /tmp//splits/split.ac from /tmp/zipdeploy/extracted/ to /home/site/wwwroot/,,0
	2025-08-20T03:44:09.9858954Z,Running rsync for filelist /tmp//splits/split.ad from /tmp/zipdeploy/extracted/ to /home/site/wwwroot/,,0
	2025-08-20T03:44:10.2177552Z,Running rsync for filelist /tmp//splits/split.ae from /tmp/zipdeploy/extracted/ to /home/site/wwwroot/,,0
	2025-08-20T03:44:10.3090874Z,Running rsync for filelist /tmp//splits/split.af from /tmp/zipdeploy/extracted/ to /home/site/wwwroot/,,0
	2025-08-20T03:44:10.4101943Z,Running rsync for filelist /tmp//splits/split.ag from /tmp/zipdeploy/extracted/ to /home/site/wwwroot/,,0
	2025-08-20T03:44:10.5538226Z,Running rsync for filelist /tmp//splits/split.ah from /tmp/zipdeploy/extracted/ to /home/site/wwwroot/,,0
	2025-08-20T03:44:14.1960279Z,,,0
	2025-08-20T03:44:14.3031865Z,Number of files: 24 (reg: 20&comma; dir: 4),,0
	2025-08-20T03:44:14.3548607Z,Number of created files: 0,,0
	2025-08-20T03:44:14.4165626Z,Number of deleted files: 0,,0
	2025-08-20T03:44:14.4483103Z,Number of regular files transferred: 20,,0
	2025-08-20T03:44:14.4886328Z,Total file size: 2.53M bytes,,0
	2025-08-20T03:44:14.5516116Z,Total transferred file size: 2.53M bytes,,0
	2025-08-20T03:44:14.5980576Z,Literal data: 2.53M bytes,,0
	2025-08-20T03:44:14.6384827Z,Matched data: 0 bytes,,0
	2025-08-20T03:44:14.6599304Z,File list size: 0,,0
	2025-08-20T03:44:14.7611477Z,File list generation time: 0.081 seconds,,0
	2025-08-20T03:44:14.8404571Z,File list transfer time: 0.000 seconds,,0
	2025-08-20T03:44:14.8642852Z,Total bytes sent: 703.78K,,0
	2025-08-20T03:44:14.9032089Z,Total bytes received: 408,,0
	2025-08-20T03:44:14.9523808Z,,,0
	2025-08-20T03:44:14.9822377Z,sent 703.78K bytes  received 408 bytes  128.03K bytes/sec,,0
	2025-08-20T03:44:15.0302397Z,total size is 2.53M  speedup is 3.59,,0
	2025-08-20T03:44:15.1556462Z,Attempt 1: Rsync for filelist /tmp//splits/split.ad completed with exit code 0,,0
	2025-08-20T03:44:15.2774146Z,,,0
	2025-08-20T03:44:15.3559057Z,Number of files: 22 (reg: 20&comma; dir: 2),,0
	2025-08-20T03:44:15.4137288Z,Number of created files: 0,,0
	2025-08-20T03:44:15.4860569Z,Number of deleted files: 0,,0
	2025-08-20T03:44:15.5500270Z,Number of regular files transferred: 20,,0
	2025-08-20T03:44:15.6107579Z,Total file size: 4.18M bytes,,0
	2025-08-20T03:44:15.6488130Z,Total transferred file size: 4.18M bytes,,0
	2025-08-20T03:44:15.6888021Z,Literal data: 4.18M bytes,,0
	2025-08-20T03:44:15.7554717Z,Matched data: 0 bytes,,0
	2025-08-20T03:44:15.8126371Z,File list size: 0,,0
	2025-08-20T03:44:15.8708275Z,File list generation time: 0.046 seconds,,0
	2025-08-20T03:44:15.9192893Z,File list transfer time: 0.000 seconds,,0
	2025-08-20T03:44:15.9848529Z,Total bytes sent: 1.39M,,0
	2025-08-20T03:44:16.0408087Z,Total bytes received: 402,,0
	2025-08-20T03:44:16.0950573Z,,,0
	2025-08-20T03:44:16.1247498Z,sent 1.39M bytes  received 402 bytes  253.14K bytes/sec,,0
	2025-08-20T03:44:16.1471594Z,total size is 4.18M  speedup is 3.00,,0
	2025-08-20T03:44:16.1741678Z,Attempt 1: Rsync for filelist /tmp//splits/split.ac completed with exit code 0,,0
	2025-08-20T03:44:16.1923836Z,,,0
	2025-08-20T03:44:16.2244028Z,Number of files: 14 (reg: 13&comma; dir: 1),,0
	2025-08-20T03:44:16.3031515Z,Number of created files: 0,,0
	2025-08-20T03:44:16.3337693Z,Number of deleted files: 0,,0
	2025-08-20T03:44:16.3650607Z,Number of regular files transferred: 13,,0
	2025-08-20T03:44:16.4110499Z,Total file size: 7.81M bytes,,0
	2025-08-20T03:44:16.4405984Z,Total transferred file size: 7.81M bytes,,0
	2025-08-20T03:44:16.4931598Z,Literal data: 7.81M bytes,,0
	2025-08-20T03:44:16.5259701Z,Matched data: 0 bytes,,0
	2025-08-20T03:44:16.5414367Z,File list size: 0,,0
	2025-08-20T03:44:16.5583572Z,File list generation time: 0.043 seconds,,0
	2025-08-20T03:44:16.5816578Z,File list transfer time: 0.000 seconds,,0
	2025-08-20T03:44:16.6111472Z,Total bytes sent: 2.69M,,0
	2025-08-20T03:44:16.6296999Z,Total bytes received: 266,,0
	2025-08-20T03:44:16.7122923Z,,,0
	2025-08-20T03:44:16.7666586Z,sent 2.69M bytes  received 266 bytes  414.11K bytes/sec,,0
	2025-08-20T03:44:16.8724607Z,total size is 7.81M  speedup is 2.90,,0
	2025-08-20T03:44:16.9403684Z,Attempt 1: Rsync for filelist /tmp//splits/split.ah completed with exit code 0,,0
	2025-08-20T03:44:17.0061489Z,,,0
	2025-08-20T03:44:17.0423283Z,Number of files: 21 (reg: 20&comma; dir: 1),,0
	2025-08-20T03:44:17.1042658Z,Number of created files: 0,,0
	2025-08-20T03:44:17.1210803Z,Number of deleted files: 0,,0
	2025-08-20T03:44:17.1465387Z,Number of regular files transferred: 20,,0
	2025-08-20T03:44:17.1612084Z,Total file size: 6.22M bytes,,0
	2025-08-20T03:44:17.1814739Z,Total transferred file size: 6.22M bytes,,0
	2025-08-20T03:44:17.2070656Z,Literal data: 6.22M bytes,,0
	2025-08-20T03:44:17.2301786Z,Matched data: 0 bytes,,0
	2025-08-20T03:44:17.2594475Z,File list size: 0,,0
	2025-08-20T03:44:17.2779440Z,File list generation time: 0.201 seconds,,0
	2025-08-20T03:44:17.3021009Z,File list transfer time: 0.000 seconds,,0
	2025-08-20T03:44:17.3197013Z,Total bytes sent: 2.30M,,0
	2025-08-20T03:44:17.3400497Z,Total bytes received: 399,,0
	2025-08-20T03:44:17.3549039Z,,,0
	2025-08-20T03:44:17.3794782Z,sent 2.30M bytes  received 399 bytes  354.12K bytes/sec,,0
	2025-08-20T03:44:17.4062094Z,total size is 6.22M  speedup is 2.70,,0
	2025-08-20T03:44:17.4269098Z,Attempt 1: Rsync for filelist /tmp//splits/split.aa completed with exit code 0,,0
	2025-08-20T03:44:17.4882412Z,,,0
	2025-08-20T03:44:17.5367087Z,Number of files: 22 (reg: 20&comma; dir: 2),,0
	2025-08-20T03:44:17.5526766Z,Number of created files: 0,,0
	2025-08-20T03:44:17.5738894Z,Number of deleted files: 0,,0
	2025-08-20T03:44:17.5884410Z,Number of regular files transferred: 20,,0
	2025-08-20T03:44:17.6158866Z,Total file size: 4.28M bytes,,0
	2025-08-20T03:44:17.6560764Z,Total transferred file size: 4.28M bytes,,0
	2025-08-20T03:44:17.6701893Z,Literal data: 4.28M bytes,,0
	2025-08-20T03:44:17.6878199Z,Matched data: 0 bytes,,0
	2025-08-20T03:44:17.7356155Z,File list size: 0,,0
	2025-08-20T03:44:17.7649154Z,File list generation time: 0.007 seconds,,0
	2025-08-20T03:44:17.8188845Z,File list transfer time: 0.000 seconds,,0
	2025-08-20T03:44:17.8309599Z,Total bytes sent: 1.45M,,0
	2025-08-20T03:44:17.8516660Z,Total bytes received: 402,,0
	2025-08-20T03:44:17.8759059Z,,,0
	2025-08-20T03:44:17.9112687Z,sent 1.45M bytes  received 402 bytes  193.49K bytes/sec,,0
	2025-08-20T03:44:17.9335299Z,total size is 4.28M  speedup is 2.95,,0
	2025-08-20T03:44:17.9524832Z,Attempt 1: Rsync for filelist /tmp//splits/split.ae completed with exit code 0,,0
	2025-08-20T03:44:18.5070088Z,,,0
	2025-08-20T03:44:18.5521182Z,Number of files: 21 (reg: 20&comma; dir: 1),,0
	2025-08-20T03:44:18.5827970Z,Number of created files: 0,,0
	2025-08-20T03:44:18.6051990Z,Number of deleted files: 0,,0
	2025-08-20T03:44:18.6349244Z,Number of regular files transferred: 20,,0
	2025-08-20T03:44:18.6719665Z,Total file size: 8.44M bytes,,0
	2025-08-20T03:44:18.6835894Z,Total transferred file size: 8.44M bytes,,0
	2025-08-20T03:44:18.7225384Z,Literal data: 8.44M bytes,,0
	2025-08-20T03:44:18.7342300Z,Matched data: 0 bytes,,0
	2025-08-20T03:44:18.7632292Z,File list size: 0,,0
	2025-08-20T03:44:18.7866573Z,File list generation time: 0.046 seconds,,0
	2025-08-20T03:44:18.8003247Z,File list transfer time: 0.000 seconds,,0
	2025-08-20T03:44:18.8221572Z,Total bytes sent: 3.00M,,0
	2025-08-20T03:44:18.8355827Z,Total bytes received: 399,,0
	2025-08-20T03:44:18.8438399Z,,,0
	2025-08-20T03:44:18.8510397Z,sent 3.00M bytes  received 399 bytes  353.27K bytes/sec,,0
	2025-08-20T03:44:18.8687409Z,total size is 8.44M  speedup is 2.81,,0
	2025-08-20T03:44:18.8813099Z,Attempt 1: Rsync for filelist /tmp//splits/split.ag completed with exit code 0,,0
	2025-08-20T03:44:18.8966794Z,,,0
	2025-08-20T03:44:18.9132950Z,Number of files: 22 (reg: 20&comma; dir: 2),,0
	2025-08-20T03:44:18.9221132Z,Number of created files: 0,,0
	2025-08-20T03:44:18.9484907Z,Number of deleted files: 0,,0
	2025-08-20T03:44:18.9743155Z,Number of regular files transferred: 20,,0
	2025-08-20T03:44:18.9895888Z,Total file size: 14.79M bytes,,0
	2025-08-20T03:44:19.0063026Z,Total transferred file size: 14.79M bytes,,0
	2025-08-20T03:44:19.0228378Z,Literal data: 14.79M bytes,,0
	2025-08-20T03:44:19.0338262Z,Matched data: 0 bytes,,0
	2025-08-20T03:44:19.0434183Z,File list size: 0,,0
	2025-08-20T03:44:19.0752499Z,File list generation time: 0.034 seconds,,0
	2025-08-20T03:44:19.0917419Z,File list transfer time: 0.000 seconds,,0
	2025-08-20T03:44:19.1044171Z,Total bytes sent: 4.43M,,0
	2025-08-20T03:44:19.1164979Z,Total bytes received: 402,,0
	2025-08-20T03:44:19.1380001Z,,,0
	2025-08-20T03:44:19.1527282Z,sent 4.43M bytes  received 402 bytes  465.99K bytes/sec,,0
	2025-08-20T03:44:19.1671576Z,total size is 14.79M  speedup is 3.34,,0
	2025-08-20T03:44:19.1778792Z,Attempt 1: Rsync for filelist /tmp//splits/split.af completed with exit code 0,,0
	2025-08-20T03:44:19.2210764Z,,,0
	2025-08-20T03:44:19.2310087Z,Number of files: 23 (reg: 20&comma; dir: 3),,0
	2025-08-20T03:44:19.2535893Z,Number of created files: 0,,0
	2025-08-20T03:44:19.2659148Z,Number of deleted files: 0,,0
	2025-08-20T03:44:19.2804139Z,Number of regular files transferred: 20,,0
	2025-08-20T03:44:19.2963786Z,Total file size: 7.06M bytes,,0
	2025-08-20T03:44:19.3150795Z,Total transferred file size: 7.06M bytes,,0
	2025-08-20T03:44:19.3363735Z,Literal data: 7.06M bytes,,0
	2025-08-20T03:44:19.3513318Z,Matched data: 0 bytes,,0
	2025-08-20T03:44:19.3667360Z,File list size: 0,,0
	2025-08-20T03:44:19.3885854Z,File list generation time: 0.126 seconds,,0
	2025-08-20T03:44:19.4068058Z,File list transfer time: 0.000 seconds,,0
	2025-08-20T03:44:19.4189299Z,Total bytes sent: 1.76M,,0
	2025-08-20T03:44:19.4369934Z,Total bytes received: 405,,0
	2025-08-20T03:44:19.4526529Z,,,0
	2025-08-20T03:44:19.4641794Z,sent 1.76M bytes  received 405 bytes  184.94K bytes/sec,,0
	2025-08-20T03:44:19.4738961Z,total size is 7.06M  speedup is 4.02,,0
	2025-08-20T03:44:19.4982742Z,Attempt 1: Rsync for filelist /tmp//splits/split.ab completed with exit code 0,,0
	2025-08-20T03:44:19.5126983Z,Completed successfully in 9 seconds,,0
2025-08-20T03:44:19.6425873Z,Build completed succesfully.,7f03d79c-94a4-43f4-ad17-1389ebbb307f,0
2025-08-20T03:44:19.7816465Z,Running post deployment command(s)...,0064776a-ed2f-49fa-b014-2d21f96d2fca,0
2025-08-20T03:44:19.9361300Z,Triggering container recycle for OneDeploy by adding/updating restartTrigger.txt to the site root path,45add072-b08e-4314-84ff-1c14b2baf563,0
2025-08-20T03:44:20.1404416Z,Deployment successful. deployer = OneDeploy deploymentPath = OneDeploy,90ca9897-7b96-4e58-a0cf-b821c5229063,0
